<?xml version="1.0" encoding="UTF-8"?>
<!-- Generated by org.testng.reporters.JUnitReportReporter -->
<testsuite hostname="saurabh" failures="0" tests="1" name="rahulshettyacademy.tests.ErrorValidations" time="4.521" errors="0" timestamp="2025-05-21T12:59:21 IST" skipped="0">
  <testcase classname="rahulshettyacademy.tests.ErrorValidations" name="submitOrder" time="4.521"/>
</testsuite> <!-- rahulshettyacademy.tests.ErrorValidations -->
